<?xml version="1.0" encoding="UTF-8"?>
<robot generator="Robot 6.0.2 (Python 3.11.1 on win32)" generated="20230124 19:52:48.974" rpa="false" schemaversion="3">
<suite id="s1" name="Login Test" source="c:\Users\dell\Desktop\RobotFramework-24012023\test-cases\login_test.robot">
<kw name="Log To Console" library="BuiltIn" type="SETUP">
<arg>J'Execute avant tous les tests</arg>
<doc>Logs the given message to the console.</doc>
<status status="PASS" starttime="20230124 19:52:49.498" endtime="20230124 19:52:49.500"/>
</kw>
<test id="s1-t1" name="Login_test01" line="14">
<kw name="Ouvrir le navigateur" library="Login_Keyword" type="SETUP">
<arg>${URL}</arg>
<arg>${BROWSER}</arg>
<kw name="Open Browser" library="SeleniumLibrary">
<arg>${URL}</arg>
<arg>${BROWSER}</arg>
<doc>Opens a new browser instance to the optional ``url``.</doc>
<msg timestamp="20230124 19:52:49.505" level="INFO">Opening browser 'chrome' to base url 'https://admin-demo.nopcommerce.com/'.</msg>
<status status="PASS" starttime="20230124 19:52:49.504" endtime="20230124 19:52:51.964"/>
</kw>
<kw name="Maximize Browser Window" library="SeleniumLibrary">
<doc>Maximizes current browser window.</doc>
<status status="PASS" starttime="20230124 19:52:51.964" endtime="20230124 19:52:52.083"/>
</kw>
<status status="PASS" starttime="20230124 19:52:49.502" endtime="20230124 19:52:52.084"/>
</kw>
<kw name="When Saisir le Nom utilisateur" library="Login_Keyword">
<arg>${USERNAME}</arg>
<kw name="Input Text" library="SeleniumLibrary">
<arg>${txt_LoginUserName}</arg>
<arg>${User}</arg>
<doc>Types the given ``text`` into the text field identified by ``locator``.</doc>
<msg timestamp="20230124 19:52:52.086" level="INFO">Typing text 'admin@yourstore.com' into text field 'id:Email'.</msg>
<status status="PASS" starttime="20230124 19:52:52.085" endtime="20230124 19:52:52.235"/>
</kw>
<status status="PASS" starttime="20230124 19:52:52.085" endtime="20230124 19:52:52.236"/>
</kw>
<kw name="And Saisir le Mot de Passe" library="Login_Keyword">
<arg>${PASSWORD}</arg>
<kw name="Input Text" library="SeleniumLibrary">
<arg>${txt_LoginPassword}</arg>
<arg>${Pass}</arg>
<doc>Types the given ``text`` into the text field identified by ``locator``.</doc>
<msg timestamp="20230124 19:52:52.238" level="INFO">Typing text 'admin' into text field 'id:Password'.</msg>
<status status="PASS" starttime="20230124 19:52:52.237" endtime="20230124 19:52:52.341"/>
</kw>
<status status="PASS" starttime="20230124 19:52:52.237" endtime="20230124 19:52:52.341"/>
</kw>
<kw name="And Cliquer sur le boutton Login" library="Login_Keyword">
<kw name="Click Button" library="SeleniumLibrary">
<arg>${btn_LoginBtn}</arg>
<doc>Clicks the button identified by ``locator``.</doc>
<msg timestamp="20230124 19:52:52.343" level="INFO">Clicking button 'xpath://button[@type='submit']'.</msg>
<status status="PASS" starttime="20230124 19:52:52.342" endtime="20230124 19:52:55.161"/>
</kw>
<status status="PASS" starttime="20230124 19:52:52.342" endtime="20230124 19:52:55.161"/>
</kw>
<kw name="Then Valider que le mot Dashboard s'affiche" library="Login_Keyword">
<kw name="Page Should Contain" library="SeleniumLibrary">
<arg>Dashboard</arg>
<doc>Verifies that current page contains ``text``.</doc>
<msg timestamp="20230124 19:52:55.187" level="INFO">Current page contains text 'Dashboard'.</msg>
<status status="PASS" starttime="20230124 19:52:55.164" endtime="20230124 19:52:55.187"/>
</kw>
<status status="PASS" starttime="20230124 19:52:55.163" endtime="20230124 19:52:55.187"/>
</kw>
<kw name="Fermer le navigateur" library="Login_Keyword" type="TEARDOWN">
<kw name="Sleep" library="BuiltIn">
<arg>3</arg>
<doc>Pauses the test executed for the given time.</doc>
<msg timestamp="20230124 19:52:58.189" level="INFO">Slept 3 seconds</msg>
<status status="PASS" starttime="20230124 19:52:55.188" endtime="20230124 19:52:58.189"/>
</kw>
<kw name="Close Browser" library="SeleniumLibrary">
<doc>Closes the current browser.</doc>
<status status="PASS" starttime="20230124 19:52:58.189" endtime="20230124 19:53:00.390"/>
</kw>
<status status="PASS" starttime="20230124 19:52:55.188" endtime="20230124 19:53:00.391"/>
</kw>
<status status="PASS" starttime="20230124 19:52:49.501" endtime="20230124 19:53:00.391"/>
</test>
<test id="s1-t2" name="Login_test02" line="21">
<kw name="Ouvrir le navigateur" library="Login_Keyword" type="SETUP">
<arg>${URL}</arg>
<arg>${BROWSER}</arg>
<kw name="Open Browser" library="SeleniumLibrary">
<arg>${URL}</arg>
<arg>${BROWSER}</arg>
<doc>Opens a new browser instance to the optional ``url``.</doc>
<msg timestamp="20230124 19:53:00.398" level="INFO">Opening browser 'chrome' to base url 'https://admin-demo.nopcommerce.com/'.</msg>
<status status="PASS" starttime="20230124 19:53:00.397" endtime="20230124 19:53:02.880"/>
</kw>
<kw name="Maximize Browser Window" library="SeleniumLibrary">
<doc>Maximizes current browser window.</doc>
<status status="PASS" starttime="20230124 19:53:02.881" endtime="20230124 19:53:03.004"/>
</kw>
<status status="PASS" starttime="20230124 19:53:00.396" endtime="20230124 19:53:03.004"/>
</kw>
<kw name="When Saisir le Nom utilisateur" library="Login_Keyword">
<arg>${USERNAME}</arg>
<kw name="Input Text" library="SeleniumLibrary">
<arg>${txt_LoginUserName}</arg>
<arg>${User}</arg>
<doc>Types the given ``text`` into the text field identified by ``locator``.</doc>
<msg timestamp="20230124 19:53:03.006" level="INFO">Typing text 'admin@yourstore.com' into text field 'id:Email'.</msg>
<status status="PASS" starttime="20230124 19:53:03.006" endtime="20230124 19:53:03.118"/>
</kw>
<status status="PASS" starttime="20230124 19:53:03.005" endtime="20230124 19:53:03.119"/>
</kw>
<kw name="And Saisir le Mot de Passe" library="Login_Keyword">
<arg>${PASSWORD}</arg>
<kw name="Input Text" library="SeleniumLibrary">
<arg>${txt_LoginPassword}</arg>
<arg>${Pass}</arg>
<doc>Types the given ``text`` into the text field identified by ``locator``.</doc>
<msg timestamp="20230124 19:53:03.120" level="INFO">Typing text 'admin' into text field 'id:Password'.</msg>
<status status="PASS" starttime="20230124 19:53:03.120" endtime="20230124 19:53:03.227"/>
</kw>
<status status="PASS" starttime="20230124 19:53:03.119" endtime="20230124 19:53:03.227"/>
</kw>
<kw name="And Cliquer sur le boutton Login" library="Login_Keyword">
<kw name="Click Button" library="SeleniumLibrary">
<arg>${btn_LoginBtn}</arg>
<doc>Clicks the button identified by ``locator``.</doc>
<msg timestamp="20230124 19:53:03.230" level="INFO">Clicking button 'xpath://button[@type='submit']'.</msg>
<status status="PASS" starttime="20230124 19:53:03.229" endtime="20230124 19:53:05.739"/>
</kw>
<status status="PASS" starttime="20230124 19:53:03.228" endtime="20230124 19:53:05.740"/>
</kw>
<kw name="Then Valider que le mot Dashboard s'affiche" library="Login_Keyword">
<kw name="Page Should Contain" library="SeleniumLibrary">
<arg>Dashboard</arg>
<doc>Verifies that current page contains ``text``.</doc>
<msg timestamp="20230124 19:53:05.772" level="INFO">Current page contains text 'Dashboard'.</msg>
<status status="PASS" starttime="20230124 19:53:05.742" endtime="20230124 19:53:05.773"/>
</kw>
<status status="PASS" starttime="20230124 19:53:05.741" endtime="20230124 19:53:05.773"/>
</kw>
<kw name="Fermer le navigateur" library="Login_Keyword" type="TEARDOWN">
<kw name="Sleep" library="BuiltIn">
<arg>3</arg>
<doc>Pauses the test executed for the given time.</doc>
<msg timestamp="20230124 19:53:08.776" level="INFO">Slept 3 seconds</msg>
<status status="PASS" starttime="20230124 19:53:05.775" endtime="20230124 19:53:08.776"/>
</kw>
<kw name="Close Browser" library="SeleniumLibrary">
<doc>Closes the current browser.</doc>
<status status="PASS" starttime="20230124 19:53:08.777" endtime="20230124 19:53:11.050"/>
</kw>
<status status="PASS" starttime="20230124 19:53:05.774" endtime="20230124 19:53:11.050"/>
</kw>
<status status="PASS" starttime="20230124 19:53:00.394" endtime="20230124 19:53:11.051"/>
</test>
<kw name="Log To Console" library="BuiltIn" type="TEARDOWN">
<arg>J'Execute après tous les tests</arg>
<doc>Logs the given message to the console.</doc>
<status status="PASS" starttime="20230124 19:53:11.053" endtime="20230124 19:53:11.060"/>
</kw>
<status status="PASS" starttime="20230124 19:52:48.986" endtime="20230124 19:53:11.060"/>
</suite>
<statistics>
<total>
<stat pass="2" fail="0" skip="0">All Tests</stat>
</total>
<tag>
</tag>
<suite>
<stat pass="2" fail="0" skip="0" id="s1" name="Login Test">Login Test</stat>
</suite>
</statistics>
<errors>
</errors>
</robot>
